	(++) from command line, (!!) notice, (Information:) informational,
[     7.763] (Information:) The server relies on udev to provide the list of input devices.
[     7.764] (Information:) Loader magic: 0x55a3f5bed020
[     7.764] (Information:) Module ABI versions:
[     7.765] (Information:) systemd-logind: logind integration requires -keeptty and -keeptty was not provided, disabling logind integration
[     7.766] (Information:) xfree86: Adding drm device (/dev/dri/card1)
[     7.766] (Information:) xfree86: Adding drm device (/dev/dri/card0)
[     7.779] (Information:) LoadModule: "glx"
[     7.779] (Information:) Loading /usr/lib/xorg/modules/extensions/libglx.so
[     7.790] (Information:) Module glx: vendor="X.Org Foundation"
[     7.790] (Information:) LoadModule: "nouveau"
[     7.790] (Information:) Loading /usr/lib/xorg/modules/drivers/nouveau_drv.so
[     7.791] (Information:) Module nouveau: vendor="X.Org Foundation"
[     7.791] (Information:) LoadModule: "modesetting"
[     7.791] (Information:) Loading /usr/lib/xorg/modules/drivers/modesetting_drv.so
[     7.791] (Information:) Module modesetting: vendor="X.Org Foundation"
[     7.791] (Information:) LoadModule: "fbdev"
[     7.791] (Information:) Loading /usr/lib/xorg/modules/drivers/fbdev_drv.so
[     7.791] (Information:) Module fbdev: vendor="X.Org Foundation"
[     7.791] (Information:) LoadModule: "vesa"
[     7.791] (Information:) Loading /usr/lib/xorg/modules/drivers/vesa_drv.so
[     7.791] (Information:) Module vesa: vendor="X.Org Foundation"
[     7.791] (Information:) NOUVEAU driver Date:   Fri Apr 21 14:41:17 2017 -0400
[     7.791] (Information:) NOUVEAU driver for NVIDIA chipset families :
[     7.792] (Information:) modesetting: Driver for Modesetting Kernel Drivers: kms
[     7.792] (Information:) FBDEV: driver for framebuffer: fbdev
[     7.792] (Information:) VESA: driver for VESA chipsets: vesa
[     7.823] (Information:) modeset(0): using drv /dev/dri/card0
[     7.823] (Information:) Loading sub module "fbdevhw"
[     7.823] (Information:) LoadModule: "fbdevhw"
[     7.824] (Information:) Loading /usr/lib/xorg/modules/libfbdevhw.so
[     7.824] (Information:) Module fbdevhw: vendor="X.Org Foundation"
[     7.824] (Information:) [drm] nouveau interface version: 1.3.1
[     7.824] (Information:) modeset(0): Creating default Display subsection in Screen section
[     7.824] (Information:) Loading sub module "glamoregl"
[     7.824] (Information:) LoadModule: "glamoregl"
[     7.824] (Information:) Loading /usr/lib/xorg/modules/libglamoregl.so
[     7.832] (Information:) Module glamoregl: vendor="X.Org Foundation"
[     7.832] (Information:) glamor: OpenGL accelerated X.org driver based.
[     7.877] (Information:) glamor: EGL version 1.4:
[     7.883] (Information:) modeset(0): glamor initialized
[     7.883] (Information:) modeset(0): Output LVDS-1 has no monitor section
[     7.888] (Information:) modeset(0): Output VGA-1 has no monitor section
[     7.896] (Information:) modeset(0): Output HDMI-1 has no monitor section
[     7.896] (Information:) modeset(0): Output DP-1 has no monitor section
[     7.896] (Information:) modeset(0): EDID for output LVDS-1
[     7.896] (Information:) modeset(0): Manufacturer: AUO  Model: 45ec  Serial#: 1
[     7.896] (Information:) modeset(0): Year: 2011  Week: 1
[     7.896] (Information:) modeset(0): EDID Version: 1.3
[     7.896] (Information:) modeset(0): Digital Display Input
[     7.896] (Information:) modeset(0): Max Image Size [cm]: horiz.: 34  vert.: 19
[     7.896] (Information:) modeset(0): Gamma: 2.20
[     7.896] (Information:) modeset(0): No DPMS capabilities specified
[     7.896] (Information:) modeset(0): Supported color encodings: RGB 4:4:4 YCrCb 4:4:4 
[     7.896] (Information:) modeset(0): First detailed timing is preferred mode
[     7.896] (Information:) modeset(0): redX: 0.590 redY: 0.340   greenX: 0.330 greenY: 0.550
[     7.896] (Information:) modeset(0): blueX: 0.150 blueY: 0.140   whiteX: 0.313 whiteY: 0.329
[     7.896] (Information:) modeset(0): Manufacturer's mask: 0
[     7.896] (Information:) modeset(0): Supported detailed timing:
[     7.896] (Information:) modeset(0): clock: 69.3 MHz   Image Size:  344 x 193 mm
[     7.896] (Information:) modeset(0): h_active: 1366  h_sync: 1374  h_sync_end 1384 h_blank_end 1462 h_border: 0
[     7.896] (Information:) modeset(0): v_active: 768  v_sync: 771  v_sync_end 772 v_blanking: 790 v_border: 0
[     7.896] (Information:) modeset(0): Unknown vendor-specific block f
[     7.896] (Information:) modeset(0):  AUO
[     7.896] (Information:) modeset(0):  B156XW04 V5
[     7.896] (Information:) modeset(0): EDID (in hex):
[     7.896] (Information:) modeset(0): 	00ffffffffffff0006afec4501000000
[     7.896] (Information:) modeset(0): 	01150103802213780a0bb59757548c26
[     7.896] (Information:) modeset(0): 	23505400000001010101010101010101
[     7.896] (Information:) modeset(0): 	010101010101121b566050001630080a
[     7.896] (Information:) modeset(0): 	310058c1100000180000000f00000000
[     7.896] (Information:) modeset(0): 	00000000000000000020000000fe0041
[     7.896] (Information:) modeset(0): 	554f0a202020202020202020000000fe
[     7.896] (Information:) modeset(0): 	004231353658573034205635200a0046
[     7.896] (Information:) modeset(0): Printing probed modes for output LVDS-1
[     7.897] (Information:) modeset(0): Modeline "1366x768"x60.0   69.30  1366 1374 1384 1462  768 771 772 790 -hsync -vsync (47.4 kHz eP)
[     7.897] (Information:) modeset(0): Modeline "1360x768"x59.8   84.75  1360 1432 1568 1776  768 771 781 798 -hsync +vsync (47.7 kHz d)
[     7.897] (Information:) modeset(0): Modeline "1360x768"x60.0   72.00  1360 1408 1440 1520  768 771 781 790 +hsync -vsync (47.4 kHz d)
[     7.897] (Information:) modeset(0): Modeline "1280x720"x120.0  156.12  1280 1376 1512 1744  720 721 724 746 doublescan -hsync +vsync (89.5 kHz d)
[     7.897] (Information:) modeset(0): Modeline "1280x720"x120.0  120.75  1280 1304 1320 1360  720 721 724 740 doublescan +hsync -vsync (88.8 kHz d)
[     7.897] (Information:) modeset(0): Modeline "1280x720"x59.9   74.50  1280 1344 1472 1664  720 723 728 748 -hsync +vsync (44.8 kHz d)
[     7.897] (Information:) modeset(0): Modeline "1280x720"x59.7   63.75  1280 1328 1360 1440  720 723 728 741 +hsync -vsync (44.3 kHz d)
[     7.897] (Information:) modeset(0): Modeline "1024x768"x120.1  133.47  1024 1100 1212 1400  768 768 770 794 doublescan -hsync +vsync (95.3 kHz d)
[     7.897] (Information:) modeset(0): Modeline "1024x768"x60.0   65.00  1024 1048 1184 1344  768 771 777 806 -hsync -vsync (48.4 kHz d)
[     7.897] (Information:) modeset(0): Modeline "960x720"x120.0  117.00  960 1024 1128 1300  720 720 722 750 doublescan -hsync +vsync (90.0 kHz d)
[     7.897] (Information:) modeset(0): Modeline "928x696"x120.1  109.15  928 976 1088 1264  696 696 698 719 doublescan -hsync +vsync (86.4 kHz d)
[     7.897] (Information:) modeset(0): Modeline "896x672"x120.0  102.40  896 960 1060 1224  672 672 674 697 doublescan -hsync +vsync (83.7 kHz d)
[     7.897] (Information:) modeset(0): Modeline "1024x576"x119.9   98.50  1024 1092 1200 1376  576 577 580 597 doublescan -hsync +vsync (71.6 kHz d)
[     7.897] (Information:) modeset(0): Modeline "1024x576"x119.9   78.38  1024 1048 1064 1104  576 577 580 592 doublescan +hsync -vsync (71.0 kHz d)
[     7.897] (Information:) modeset(0): Modeline "1024x576"x59.9   46.50  1024 1064 1160 1296  576 579 584 599 -hsync +vsync (35.9 kHz d)
[     7.897] (Information:) modeset(0): Modeline "1024x576"x59.8   42.00  1024 1072 1104 1184  576 579 584 593 +hsync -vsync (35.5 kHz d)
[     7.897] (Information:) modeset(0): Modeline "960x600"x119.9   96.62  960 1028 1128 1296  600 601 604 622 doublescan -hsync +vsync (74.6 kHz d)
[     7.897] (Information:) modeset(0): Modeline "960x600"x120.0   77.00  960 984 1000 1040  600 601 604 617 doublescan +hsync -vsync (74.0 kHz d)
[     7.897] (Information:) modeset(0): Modeline "960x540"x119.9   86.50  960 1024 1124 1288  540 541 544 560 doublescan -hsync +vsync (67.2 kHz d)
[     7.897] (Information:) modeset(0): Modeline "960x540"x120.0   69.25  960 984 1000 1040  540 541 544 555 doublescan +hsync -vsync (66.6 kHz d)
[     7.897] (Information:) modeset(0): Modeline "960x540"x59.6   40.75  960 992 1088 1216  540 543 548 562 -hsync +vsync (33.5 kHz d)
[     7.897] (Information:) modeset(0): Modeline "960x540"x59.8   37.25  960 1008 1040 1120  540 543 548 556 +hsync -vsync (33.3 kHz d)
[     7.897] (Information:) modeset(0): Modeline "800x600"x120.0   81.00  800 832 928 1080  600 600 602 625 doublescan +hsync +vsync (75.0 kHz d)
[     7.897] (Information:) modeset(0): Modeline "800x600"x60.3   40.00  800 840 968 1056  600 601 605 628 +hsync +vsync (37.9 kHz d)
[     7.897] (Information:) modeset(0): Modeline "800x600"x56.2   36.00  800 824 896 1024  600 601 603 625 +hsync +vsync (35.2 kHz d)
[     7.897] (Information:) modeset(0): Modeline "840x525"x120.0   73.12  840 892 980 1120  525 526 529 544 doublescan -hsync +vsync (65.3 kHz d)
[     7.897] (Information:) modeset(0): Modeline "840x525"x119.8   59.50  840 864 880 920  525 526 529 540 doublescan +hsync -vsync (64.7 kHz d)
[     7.897] (Information:) modeset(0): Modeline "864x486"x59.9   32.50  864 888 968 1072  486 489 494 506 -hsync +vsync (30.3 kHz d)
[     7.897] (Information:) modeset(0): Modeline "864x486"x59.6   30.50  864 912 944 1024  486 489 494 500 +hsync -vsync (29.8 kHz d)
[     7.897] (Information:) modeset(0): Modeline "800x512"x120.3   51.56  800 800 828 832  512 512 514 515 doublescan +hsync +vsync (62.0 kHz d)
[     7.897] (Information:) modeset(0): Modeline "700x525"x120.0   61.00  700 744 820 940  525 526 532 541 doublescan +hsync +vsync (64.9 kHz d)
[     7.897] (Information:) modeset(0): Modeline "800x450"x119.9   59.12  800 848 928 1056  450 451 454 467 doublescan -hsync +vsync (56.0 kHz d)
[     7.897] (Information:) modeset(0): Modeline "800x450"x119.6   48.75  800 824 840 880  450 451 454 463 doublescan +hsync -vsync (55.4 kHz d)
[     7.897] (Information:) modeset(0): Modeline "640x512"x120.0   54.00  640 664 720 844  512 512 514 533 doublescan +hsync +vsync (64.0 kHz d)
[     7.897] (Information:) modeset(0): Modeline "720x450"x119.8   53.25  720 760 836 952  450 451 454 467 doublescan -hsync +vsync (55.9 kHz d)
[     7.897] (Information:) modeset(0): Modeline "700x450"x119.9   51.75  700 740 812 924  450 451 456 467 doublescan -hsync +vsync (56.0 kHz d)
[     7.897] (Information:) modeset(0): Modeline "700x450"x119.8   43.25  700 724 740 780  450 451 456 463 doublescan +hsync -vsync (55.4 kHz d)
[     7.897] (Information:) modeset(0): Modeline "640x480"x120.0   54.00  640 688 744 900  480 480 482 500 doublescan +hsync +vsync (60.0 kHz d)
[     7.897] (Information:) modeset(0): Modeline "640x480"x59.9   25.18  640 656 752 800  480 490 492 525 -hsync -vsync (31.5 kHz d)
[     7.897] (Information:) modeset(0): Modeline "720x405"x59.5   22.50  720 744 808 896  405 408 413 422 -hsync +vsync (25.1 kHz d)
[     7.897] (Information:) modeset(0): Modeline "720x405"x59.0   21.75  720 768 800 880  405 408 413 419 +hsync -vsync (24.7 kHz d)
[     7.897] (Information:) modeset(0): Modeline "684x384"x119.8   42.62  684 720 788 892  384 385 390 399 doublescan -hsync +vsync (47.8 kHz d)
[     7.897] (Information:) modeset(0): Modeline "684x384"x119.7   36.12  684 708 724 764  384 385 390 395 doublescan +hsync -vsync (47.3 kHz d)
[     7.897] (Information:) modeset(0): Modeline "680x384"x119.6   42.38  680 716 784 888  384 385 390 399 doublescan -hsync +vsync (47.7 kHz d)
[     7.897] (Information:) modeset(0): Modeline "680x384"x119.9   36.00  680 704 720 760  384 385 390 395 doublescan +hsync -vsync (47.4 kHz d)
[     7.897] (Information:) modeset(0): Modeline "640x400"x119.8   41.75  640 676 740 840  400 401 404 415 doublescan -hsync +vsync (49.7 kHz d)
[     7.897] (Information:) modeset(0): Modeline "640x400"x120.0   35.50  640 664 680 720  400 401 404 411 doublescan +hsync -vsync (49.3 kHz d)
[     7.897] (Information:) modeset(0): Modeline "576x432"x120.1   40.81  576 608 668 760  432 432 434 447 doublescan -hsync +vsync (53.7 kHz d)
[     7.897] (Information:) modeset(0): Modeline "640x360"x119.7   37.25  640 672 736 832  360 361 364 374 doublescan -hsync +vsync (44.8 kHz d)
[     7.897] (Information:) modeset(0): Modeline "640x360"x119.7   31.88  640 664 680 720  360 361 364 370 doublescan +hsync -vsync (44.3 kHz d)
[     7.897] (Information:) modeset(0): Modeline "640x360"x59.8   18.00  640 664 720 800  360 363 368 376 -hsync +vsync (22.5 kHz d)
[     7.897] (Information:) modeset(0): Modeline "640x360"x59.3   17.75  640 688 720 800  360 363 368 374 +hsync -vsync (22.2 kHz d)
[     7.897] (Information:) modeset(0): Modeline "512x384"x120.0   32.50  512 524 592 672  384 385 388 403 doublescan -hsync -vsync (48.4 kHz d)
[     7.897] (Information:) modeset(0): Modeline "512x288"x120.0   23.25  512 532 580 648  288 289 292 299 doublescan -hsync +vsync (35.9 kHz d)
[     7.897] (Information:) modeset(0): Modeline "512x288"x119.8   21.00  512 536 552 592  288 289 292 296 doublescan +hsync -vsync (35.5 kHz d)
[     7.897] (Information:) modeset(0): Modeline "480x270"x119.3   20.38  480 496 544 608  270 271 274 281 doublescan -hsync +vsync (33.5 kHz d)
[     7.897] (Information:) modeset(0): Modeline "480x270"x119.6   18.62  480 504 520 560  270 271 274 278 doublescan +hsync -vsync (33.3 kHz d)
[     7.897] (Information:) modeset(0): Modeline "400x300"x120.6   20.00  400 420 484 528  300 300 302 314 doublescan +hsync +vsync (37.9 kHz d)
[     7.897] (Information:) modeset(0): Modeline "400x300"x112.7   18.00  400 412 448 512  300 300 301 312 doublescan +hsync +vsync (35.2 kHz d)
[     7.897] (Information:) modeset(0): Modeline "432x243"x119.8   16.25  432 444 484 536  243 244 247 253 doublescan -hsync +vsync (30.3 kHz d)
[     7.897] (Information:) modeset(0): Modeline "432x243"x119.1   15.25  432 456 472 512  243 244 247 250 doublescan +hsync -vsync (29.8 kHz d)
[     7.897] (Information:) modeset(0): Modeline "320x240"x120.1   12.59  320 328 376 400  240 245 246 262 doublescan -hsync -vsync (31.5 kHz d)
[     7.897] (Information:) modeset(0): Modeline "360x202"x119.0   11.25  360 372 404 448  202 204 206 211 doublescan -hsync +vsync (25.1 kHz d)
[     7.898] (Information:) modeset(0): Modeline "360x202"x118.3   10.88  360 384 400 440  202 204 206 209 doublescan +hsync -vsync (24.7 kHz d)
[     7.898] (Information:) modeset(0): Modeline "320x180"x119.7    9.00  320 332 360 400  180 181 184 188 doublescan -hsync +vsync (22.5 kHz d)
[     7.898] (Information:) modeset(0): Modeline "320x180"x118.6    8.88  320 344 360 400  180 181 184 187 doublescan +hsync -vsync (22.2 kHz d)
[     7.903] (Information:) modeset(0): EDID for output VGA-1
[     7.912] (Information:) modeset(0): EDID for output HDMI-1
[     7.912] (Information:) modeset(0): EDID for output DP-1
[     7.912] (Information:) modeset(0): Output LVDS-1 connected
[     7.912] (Information:) modeset(0): Output VGA-1 disconnected
[     7.912] (Information:) modeset(0): Output HDMI-1 disconnected
[     7.912] (Information:) modeset(0): Output DP-1 disconnected
[     7.912] (Information:) modeset(0): Using exact sizes for initial modes
[     7.912] (Information:) modeset(0): Output LVDS-1 using initial mode 1366x768 +0+0
[     7.912] (Information:) Loading sub module "fb"
[     7.912] (Information:) LoadModule: "fb"
[     7.913] (Information:) Loading /usr/lib/xorg/modules/libfb.so
[     7.913] (Information:) Module fb: vendor="X.Org Foundation"
[     7.913] (Information:) Loading sub module "dri2"
[     7.913] (Information:) LoadModule: "dri2"
[     7.913] (Information:) Module "dri2" already built-in
[     7.913] (Information:) NOUVEAU(G0): Modeline "1366x768"x59.8   84.75  1360 1432 1568 1776  768 771 781 798 -hsync +vsync (47.7 kHz)
[     7.913] (Information:) Loading sub module "fb"
[     7.913] (Information:) LoadModule: "fb"
[     7.913] (Information:) Loading /usr/lib/xorg/modules/libfb.so
[     7.913] (Information:) Module fb: vendor="X.Org Foundation"
[     7.913] (Information:) Loading sub module "shadowfb"
[     7.913] (Information:) LoadModule: "shadowfb"
[     7.913] (Information:) Loading /usr/lib/xorg/modules/libshadowfb.so
[     7.914] (Information:) Module shadowfb: vendor="X.Org Foundation"
[     7.914] (Information:) UnloadModule: "fbdev"
[     7.914] (Information:) Unloading fbdev
[     7.914] (Information:) UnloadSubModule: "fbdevhw"
[     7.914] (Information:) Unloading fbdevhw
[     7.914] (Information:) UnloadModule: "vesa"
[     7.914] (Information:) Unloading vesa
[     7.947] (Information:) NOUVEAU(G0): Channel setup complete.
[     7.947] (Information:) NOUVEAU(G0): [COPY] async initialised.
[     7.948] (Information:) NOUVEAU(G0): Hardware support for Present enabled
[     7.948] (Information:) NOUVEAU(G0): [DRI2] Setup complete
[     7.948] (Information:) NOUVEAU(G0): [DRI2]   DRI driver: nouveau
[     7.948] (Information:) NOUVEAU(G0): [DRI2]   VDPAU driver: nouveau
[     7.948] (Information:) Loading sub module "exa"
[     7.948] (Information:) LoadModule: "exa"
[     7.948] (Information:) Loading /usr/lib/xorg/modules/libexa.so
[     7.949] (Information:) Module exa: vendor="X.Org Foundation"
[     7.949] (Information:) EXA(256): Driver allocated offscreen pixmaps
[     7.949] (Information:) EXA(256): Driver registered support for the following operations:
[     7.949] (Information:)         Solid
[     7.949] (Information:)         Copy
[     7.949] (Information:)         Composite (RENDER acceleration)
[     7.949] (Information:)         UploadToScreen
[     7.949] (Information:)         DownloadFromScreen
[     7.949] (Information:) NOUVEAU(G0): [XvMC] Associated with Nouveau GeForce 8/9 Textured Video.
[     7.949] (Information:) NOUVEAU(G0): RandR 1.2 enabled, ignore the following RandR disabled message.
[     7.953] (Information:) modeset(0): RandR 1.2 enabled, ignore the following RandR disabled message.
[     7.980] (Information:) modeset(0): [DRI2] Setup complete
[     7.980] (Information:) modeset(0): [DRI2]   DRI driver: i965
[     7.980] (Information:) modeset(0): [DRI2]   VDPAU driver: i965
[     7.986] (Information:) SELinux: Disabled on system
[     7.996] (Information:) AIGLX: enabled GLX_MESA_copy_sub_buffer
[     7.996] (Information:) AIGLX: enabled GLX_ARB_create_context
[     7.996] (Information:) AIGLX: enabled GLX_ARB_create_context_profile
[     7.996] (Information:) AIGLX: enabled GLX_EXT_create_context_es{,2}_profile
[     7.997] (Information:) AIGLX: enabled GLX_INTEL_swap_event
[     7.997] (Information:) AIGLX: enabled GLX_SGI_swap_control
[     7.997] (Information:) AIGLX: enabled GLX_EXT_framebuffer_sRGB
[     7.997] (Information:) AIGLX: enabled GLX_ARB_fbconfig_float
[     7.997] (Information:) AIGLX: enabled GLX_EXT_fbconfig_packed_float
[     7.997] (Information:) AIGLX: GLX_EXT_texture_from_pixmap backed by buffer objects
[     7.997] (Information:) AIGLX: enabled GLX_ARB_create_context_robustness
[     7.997] (Information:) AIGLX: Loaded and initialized i965
[     7.997] (Information:) GLX: Initialized DRI2 GL provider for screen 0
[     8.000] (Information:) NOUVEAU(G0): NVEnterVT is called.
[     8.008] (Information:) modeset(0): Damage tracking initialized
[     8.008] (Information:) modeset(0): Setting screen physical size to 361 x 203
[     8.069] (Information:) config/udev: Adding input device Power Button (/dev/input/event2)
[     8.069] (Information:) LoadModule: "libinput"
[     8.069] (Information:) Loading /usr/lib/xorg/modules/input/libinput_drv.so
[     8.074] (Information:) Module libinput: vendor="X.Org Foundation"
[     8.074] (Information:) Using input driver 'libinput' for 'Power Button'
[     8.075] (Information:) event2  - Power Button: is tagged by udev as: Keyboard
[     8.075] (Information:) event2  - Power Button: device is a keyboard
[     8.075] (Information:) event2  - Power Button: device removed
[     8.088] (Information:) XINPUT: Adding extended input device "Power Button" (type: KEYBOARD, id 6)
[     8.089] (Information:) event2  - Power Button: is tagged by udev as: Keyboard
[     8.089] (Information:) event2  - Power Button: device is a keyboard
[     8.089] (Information:) config/udev: Adding input device Video Bus (/dev/input/event8)
[     8.089] (Information:) Using input driver 'libinput' for 'Video Bus'
[     8.090] (Information:) event8  - Video Bus: is tagged by udev as: Keyboard
[     8.090] (Information:) event8  - Video Bus: device is a keyboard
[     8.090] (Information:) event8  - Video Bus: device removed
[     8.104] (Information:) XINPUT: Adding extended input device "Video Bus" (type: KEYBOARD, id 7)
[     8.105] (Information:) event8  - Video Bus: is tagged by udev as: Keyboard
[     8.105] (Information:) event8  - Video Bus: device is a keyboard
[     8.105] (Information:) config/udev: Adding input device Video Bus (/dev/input/event7)
[     8.106] (Information:) Using input driver 'libinput' for 'Video Bus'
[     8.106] (Information:) event7  - Video Bus: is tagged by udev as: Keyboard
[     8.106] (Information:) event7  - Video Bus: device is a keyboard
[     8.106] (Information:) event7  - Video Bus: device removed
[     8.207] (Information:) XINPUT: Adding extended input device "Video Bus" (type: KEYBOARD, id 8)
[     8.208] (Information:) event7  - Video Bus: is tagged by udev as: Keyboard
[     8.208] (Information:) event7  - Video Bus: device is a keyboard
[     8.208] (Information:) config/udev: Adding input device Lid Switch (/dev/input/event0)
[     8.208] (Information:) No input driver specified, ignoring this device.
[     8.208] (Information:) This device may have been added with another device file.
[     8.209] (Information:) config/udev: Adding input device Sleep Button (/dev/input/event1)
[     8.209] (Information:) Using input driver 'libinput' for 'Sleep Button'
[     8.209] (Information:) event1  - Sleep Button: is tagged by udev as: Keyboard
[     8.209] (Information:) event1  - Sleep Button: device is a keyboard
[     8.209] (Information:) event1  - Sleep Button: device removed
[     8.240] (Information:) XINPUT: Adding extended input device "Sleep Button" (type: KEYBOARD, id 9)
[     8.240] (Information:) event1  - Sleep Button: is tagged by udev as: Keyboard
[     8.240] (Information:) event1  - Sleep Button: device is a keyboard
[     8.241] (Information:) config/udev: Adding input device Compx 2.4G Receiver (/dev/input/event5)
[     8.241] (Information:) Using input driver 'libinput' for 'Compx 2.4G Receiver'
[     8.242] (Information:) event5  - Compx 2.4G Receiver: is tagged by udev as: Keyboard
[     8.242] (Information:) event5  - Compx 2.4G Receiver: device is a keyboard
[     8.242] (Information:) event5  - Compx 2.4G Receiver: device removed
[     8.256] (Information:) XINPUT: Adding extended input device "Compx 2.4G Receiver" (type: KEYBOARD, id 10)
[     8.257] (Information:) event5  - Compx 2.4G Receiver: is tagged by udev as: Keyboard
[     8.257] (Information:) event5  - Compx 2.4G Receiver: device is a keyboard
[     8.258] (Information:) config/udev: Adding input device Compx 2.4G Receiver (/dev/input/event6)
[     8.258] (Information:) Using input driver 'libinput' for 'Compx 2.4G Receiver'
[     8.258] (Information:) event6  - Compx 2.4G Receiver: is tagged by udev as: Keyboard Mouse
[     8.258] (Information:) event6  - Compx 2.4G Receiver: device is a pointer
[     8.258] (Information:) event6  - Compx 2.4G Receiver: device is a keyboard
[     8.258] (Information:) event6  - Compx 2.4G Receiver: device removed
[     8.284] (Information:) libinput: Compx 2.4G Receiver: needs a virtual subdevice
[     8.284] (Information:) XINPUT: Adding extended input device "Compx 2.4G Receiver" (type: MOUSE, id 11)
[     8.285] (Information:) event6  - Compx 2.4G Receiver: is tagged by udev as: Keyboard Mouse
[     8.285] (Information:) event6  - Compx 2.4G Receiver: device is a pointer
[     8.285] (Information:) event6  - Compx 2.4G Receiver: device is a keyboard
[     8.286] (Information:) config/udev: Adding input device Compx 2.4G Receiver (/dev/input/mouse1)
[     8.286] (Information:) No input driver specified, ignoring this device.
[     8.286] (Information:) This device may have been added with another device file.
[     8.287] (Information:) config/udev: Adding input device HD WebCam: HD WebCam (/dev/input/event10)
[     8.287] (Information:) Using input driver 'libinput' for 'HD WebCam: HD WebCam'
[     8.287] (Information:) event10 - HD WebCam: HD WebCam: is tagged by udev as: Keyboard
[     8.287] (Information:) event10 - HD WebCam: HD WebCam: device is a keyboard
[     8.287] (Information:) event10 - HD WebCam: HD WebCam: device removed
[     8.332] (Information:) XINPUT: Adding extended input device "HD WebCam: HD WebCam" (type: KEYBOARD, id 12)
[     8.332] (Information:) event10 - HD WebCam: HD WebCam: is tagged by udev as: Keyboard
[     8.332] (Information:) event10 - HD WebCam: HD WebCam: device is a keyboard
[     8.333] (Information:) config/udev: Adding input device HDA Intel PCH Headphone (/dev/input/event11)
[     8.333] (Information:) No input driver specified, ignoring this device.
[     8.333] (Information:) This device may have been added with another device file.
[     8.333] (Information:) config/udev: Adding input device HDA Intel PCH HDMI/DP,pcm=3 (/dev/input/event12)
[     8.333] (Information:) No input driver specified, ignoring this device.
[     8.333] (Information:) This device may have been added with another device file.
[     8.334] (Information:) config/udev: Adding input device AT Translated Set 2 keyboard (/dev/input/event3)
[     8.334] (Information:) Using input driver 'libinput' for 'AT Translated Set 2 keyboard'
[     8.334] (Information:) event3  - AT Translated Set 2 keyboard: is tagged by udev as: Keyboard
[     8.334] (Information:) event3  - AT Translated Set 2 keyboard: device is a keyboard
[     8.334] (Information:) event3  - AT Translated Set 2 keyboard: device removed
[     8.352] (Information:) XINPUT: Adding extended input device "AT Translated Set 2 keyboard" (type: KEYBOARD, id 13)
[     8.353] (Information:) event3  - AT Translated Set 2 keyboard: is tagged by udev as: Keyboard
[     8.353] (Information:) event3  - AT Translated Set 2 keyboard: device is a keyboard
[     8.353] (Information:) config/udev: Adding input device ETPS/2 Elantech Touchpad (/dev/input/event4)
[     8.353] (Information:) Using input driver 'libinput' for 'ETPS/2 Elantech Touchpad'
[     8.354] (Information:) event4  - ETPS/2 Elantech Touchpad: is tagged by udev as: Touchpad
[     8.354] (Information:) event4  - ETPS/2 Elantech Touchpad: device is a touchpad
[     8.354] (Information:) event4  - ETPS/2 Elantech Touchpad: device removed
[     8.404] (Information:) XINPUT: Adding extended input device "ETPS/2 Elantech Touchpad" (type: TOUCHPAD, id 14)
[     8.404] (Information:) event4  - ETPS/2 Elantech Touchpad: is tagged by udev as: Touchpad
[     8.404] (Information:) event4  - ETPS/2 Elantech Touchpad: device is a touchpad
[     8.405] (Information:) config/udev: Adding input device ETPS/2 Elantech Touchpad (/dev/input/mouse0)
[     8.405] (Information:) No input driver specified, ignoring this device.
[     8.405] (Information:) This device may have been added with another device file.
[     8.407] (Information:) config/udev: Adding input device Acer WMI hotkeys (/dev/input/event9)
[     8.407] (Information:) Using input driver 'libinput' for 'Acer WMI hotkeys'
[     8.408] (Information:) event9  - Acer WMI hotkeys: is tagged by udev as: Keyboard
[     8.408] (Information:) event9  - Acer WMI hotkeys: device is a keyboard
[     8.408] (Information:) event9  - Acer WMI hotkeys: device removed
[     8.432] (Information:) XINPUT: Adding extended input device "Acer WMI hotkeys" (type: KEYBOARD, id 15)
[     8.432] (Information:) event9  - Acer WMI hotkeys: is tagged by udev as: Keyboard
[     8.432] (Information:) event9  - Acer WMI hotkeys: device is a keyboard
[     8.442] (Information:) Using input driver 'libinput' for 'Compx 2.4G Receiver'
[     8.442] (Information:) libinput: Compx 2.4G Receiver: is a virtual subdevice
[     8.442] (Information:) XINPUT: Adding extended input device "Compx 2.4G Receiver" (type: KEYBOARD, id 16)
[   119.099] (Information:) modeset(0): EDID vendor "AUO", prod id 17900
[   119.099] (Information:) modeset(0): Printing DDC gathered Modelines:
[   119.099] (Information:) modeset(0): Modeline "1366x768"x0.0   69.30  1366 1374 1384 1462  768 771 772 790 -hsync -vsync (47.4 kHz eP)
[   119.177] (Information:) modeset(0): EDID vendor "AUO", prod id 17900
[   119.177] (Information:) modeset(0): Printing DDC gathered Modelines:
[   119.177] (Information:) modeset(0): Modeline "1366x768"x0.0   69.30  1366 1374 1384 1462  768 771 772 790 -hsync -vsync (47.4 kHz eP)
[   119.777] (Information:) modeset(0): EDID vendor "AUO", prod id 17900
[   119.777] (Information:) modeset(0): Printing DDC gathered Modelines:
[   119.777] (Information:) modeset(0): Modeline "1366x768"x0.0   69.30  1366 1374 1384 1462  768 771 772 790 -hsync -vsync (47.4 kHz eP)
[   119.790] (Information:) modeset(0): EDID vendor "AUO", prod id 17900
[   119.790] (Information:) modeset(0): Printing DDC gathered Modelines:
[   119.790] (Information:) modeset(0): Modeline "1366x768"x0.0   69.30  1366 1374 1384 1462  768 771 772 790 -hsync -vsync (47.4 kHz eP)
[   120.182] (Information:) modeset(0): EDID vendor "AUO", prod id 17900
[   120.182] (Information:) modeset(0): Printing DDC gathered Modelines:
[   120.182] (Information:) modeset(0): Modeline "1366x768"x0.0   69.30  1366 1374 1384 1462  768 771 772 790 -hsync -vsync (47.4 kHz eP)
[   120.365] (Information:) modeset(0): EDID vendor "AUO", prod id 17900
[   120.365] (Information:) modeset(0): Printing DDC gathered Modelines:
[   120.365] (Information:) modeset(0): Modeline "1366x768"x0.0   69.30  1366 1374 1384 1462  768 771 772 790 -hsync -vsync (47.4 kHz eP)
[   809.639] (Information:) modeset(0): EDID vendor "AUO", prod id 17900
[   809.640] (Information:) modeset(0): Printing DDC gathered Modelines:
[   809.640] (Information:) modeset(0): Modeline "1366x768"x0.0   69.30  1366 1374 1384 1462  768 771 772 790 -hsync -vsync (47.4 kHz eP)
[   809.657] (Information:) modeset(0): EDID vendor "AUO", prod id 17900
[   809.657] (Information:) modeset(0): Printing DDC gathered Modelines:
[   809.657] (Information:) modeset(0): Modeline "1366x768"x0.0   69.30  1366 1374 1384 1462  768 771 772 790 -hsync -vsync (47.4 kHz eP)
[   812.783] (Information:) modeset(0): EDID vendor "AUO", prod id 17900
[   812.783] (Information:) modeset(0): Printing DDC gathered Modelines:
[   812.783] (Information:) modeset(0): Modeline "1366x768"x0.0   69.30  1366 1374 1384 1462  768 771 772 790 -hsync -vsync (47.4 kHz eP)
[  2838.296] (Information:) modeset(0): EDID vendor "AUO", prod id 17900
[  2838.296] (Information:) modeset(0): Printing DDC gathered Modelines:
[  2838.296] (Information:) modeset(0): Modeline "1366x768"x0.0   69.30  1366 1374 1384 1462  768 771 772 790 -hsync -vsync (47.4 kHz eP)
[  2838.310] (Information:) modeset(0): EDID vendor "AUO", prod id 17900
[  2838.310] (Information:) modeset(0): Printing DDC gathered Modelines:
[  2838.310] (Information:) modeset(0): Modeline "1366x768"x0.0   69.30  1366 1374 1384 1462  768 771 772 790 -hsync -vsync (47.4 kHz eP)
[  2841.510] (Information:) modeset(0): EDID vendor "AUO", prod id 17900
[  2841.510] (Information:) modeset(0): Printing DDC gathered Modelines:
[  2841.510] (Information:) modeset(0): Modeline "1366x768"x0.0   69.30  1366 1374 1384 1462  768 771 772 790 -hsync -vsync (47.4 kHz eP)
[  3671.117] (Information:) modeset(0): EDID vendor "AUO", prod id 17900
[  3671.117] (Information:) modeset(0): Printing DDC gathered Modelines:
[  3671.117] (Information:) modeset(0): Modeline "1366x768"x0.0   69.30  1366 1374 1384 1462  768 771 772 790 -hsync -vsync (47.4 kHz eP)
[  3671.132] (Information:) modeset(0): EDID vendor "AUO", prod id 17900
[  3671.132] (Information:) modeset(0): Printing DDC gathered Modelines:
[  3671.132] (Information:) modeset(0): Modeline "1366x768"x0.0   69.30  1366 1374 1384 1462  768 771 772 790 -hsync -vsync (47.4 kHz eP)
[  3674.328] (Information:) modeset(0): EDID vendor "AUO", prod id 17900
[  3674.329] (Information:) modeset(0): Printing DDC gathered Modelines:
[  3674.329] (Information:) modeset(0): Modeline "1366x768"x0.0   69.30  1366 1374 1384 1462  768 771 772 790 -hsync -vsync (47.4 kHz eP)
	(Warning:) warning, (EE) error, (NI) not implemented, (??) unknown.
[     7.763] (Warning:) The directory "/usr/share/fonts/X11/cyrillic" does not exist.
[     7.763] (Warning:) The directory "/usr/share/fonts/X11/100dpi/" does not exist.
[     7.763] (Warning:) The directory "/usr/share/fonts/X11/75dpi/" does not exist.
[     7.763] (Warning:) The directory "/usr/share/fonts/X11/100dpi" does not exist.
[     7.763] (Warning:) The directory "/usr/share/fonts/X11/75dpi" does not exist.
[     7.823] (Warning:) Falling back to old probe method for fbdev
[     7.824] (Warning:) Falling back to old probe method for vesa
